<?xml version="1.0" encoding="UTF-8"?>
<Site BuildName="(empty)"
	BuildStamp="20260311-0805-Experimental"
	Name="(empty)"
	Generator="ctest-3.22.1"
	CompilerName=""
	CompilerVersion=""
	OSName="Linux"
	Hostname="liao"
	OSRelease="6.8.0-94-generic"
	OSVersion="#96~22.04.1-Ubuntu SMP PREEMPT_DYNAMIC Fri Jan 16 13:19:05 UTC 2"
	OSPlatform="x86_64"
	Is64Bits="1"
	VendorString="GenuineIntel"
	VendorID="Intel Corporation"
	FamilyID="6"
	ModelID="183"
	ProcessorCacheSize="36864"
	NumberOfLogicalCPU="8"
	NumberOfPhysicalCPU="8"
	TotalVirtualMemory="3897"
	TotalPhysicalMemory="3868"
	LogicalProcessorsPerPhysical="1"
	ProcessorClockFrequency="2419.2"
	>
	<Testing>
		<StartDateTime>Mar 11 16:12 CST</StartDateTime>
		<StartTestTime>1773216738</StartTestTime>
		<TestList/>
		<EndDateTime>Mar 11 16:12 CST</EndDateTime>
		<EndTestTime>1773216738</EndTestTime>
		<ElapsedMinutes>0</ElapsedMinutes>
	</Testing>
</Site>
